# JRE version: OpenJDK Runtime Environment (17.0.1+12) (build 17.0.1+12-39)
# Java VM: OpenJDK 64-Bit Server VM (17.0.1+12-39, mixed mode, sharing, tiered, compressed oops, compressed class ptrs, g1 gc, bsd-amd64)
GC Precious Log:
 CPUs: 12 total, 12 available
 Memory: 32768M
 Large Page Support: Disabled
 NUMA Support: Disabled
 Compressed Oops: Enabled (Zero based)
 Heap Region Size: 4M
 Heap Min Capacity: 8M
 Heap Initial Capacity: 512M
 Heap Max Capacity: 8G
 Pre-touch: Disabled
 Parallel Workers: 10
 Concurrent Workers: 3
 Concurrent Refinement Workers: 10
 Periodic GC: Disabled
Heap:
 garbage-first heap   total 532480K, used 30863K [0x0000000600000000, 0x0000000800000000)
  region size 4096K, 3 young (12288K), 1 survivors (4096K)
 Metaspace       used 9063K, committed 9280K, reserved 1064960K
  class space    used 988K, committed 1088K, reserved 1048576K
GC Heap History (20 events):
Event: 3094.403 GC heap before
{Heap before GC invocations=140 (full 0):
 garbage-first heap   total 532480K, used 333967K [0x0000000600000000, 0x0000000800000000)
  region size 4096K, 76 young (311296K), 1 survivors (4096K)
 Metaspace       used 9060K, committed 9280K, reserved 1064960K
  class space    used 988K, committed 1088K, reserved 1048576K
}
Event: 3094.404 GC heap after
{Heap after GC invocations=141 (full 0):
 garbage-first heap   total 532480K, used 26765K [0x0000000600000000, 0x0000000800000000)
  region size 4096K, 1 young (4096K), 1 survivors (4096K)
 Metaspace       used 9060K, committed 9280K, reserved 1064960K
  class space    used 988K, committed 1088K, reserved 1048576K
}
Event: 3095.307 GC heap before
{Heap before GC invocations=141 (full 0):
 garbage-first heap   total 532480K, used 333965K [0x0000000600000000, 0x0000000800000000)
  region size 4096K, 76 young (311296K), 1 survivors (4096K)
 Metaspace       used 9060K, committed 9280K, reserved 1064960K
  class space    used 988K, committed 1088K, reserved 1048576K
}
Event: 3095.308 GC heap after
{Heap after GC invocations=142 (full 0):
 garbage-first heap   total 532480K, used 26765K [0x0000000600000000, 0x0000000800000000)
  region size 4096K, 1 young (4096K), 1 survivors (4096K)
 Metaspace       used 9060K, committed 9280K, reserved 1064960K
  class space    used 988K, committed 1088K, reserved 1048576K
}
Event: 3096.206 GC heap before
{Heap before GC invocations=142 (full 0):
 garbage-first heap   total 532480K, used 329869K [0x0000000600000000, 0x0000000800000000)
  region size 4096K, 76 young (311296K), 1 survivors (4096K)
 Metaspace       used 9060K, committed 9280K, reserved 1064960K
  class space    used 988K, committed 1088K, reserved 1048576K
}
Event: 3096.206 GC heap after
{Heap after GC invocations=143 (full 0):
 garbage-first heap   total 532480K, used 26763K [0x0000000600000000, 0x0000000800000000)
  region size 4096K, 1 young (4096K), 1 survivors (4096K)
 Metaspace       used 9060K, committed 9280K, reserved 1064960K
  class space    used 988K, committed 1088K, reserved 1048576K
}
Event: 3097.109 GC heap before
{Heap before GC invocations=143 (full 0):
 garbage-first heap   total 532480K, used 329867K [0x0000000600000000, 0x0000000800000000)
  region size 4096K, 76 young (311296K), 1 survivors (4096K)
 Metaspace       used 9060K, committed 9280K, reserved 1064960K
  class space    used 988K, committed 1088K, reserved 1048576K
}
Event: 3097.110 GC heap after
{Heap after GC invocations=144 (full 0):
 garbage-first heap   total 532480K, used 26763K [0x0000000600000000, 0x0000000800000000)
  region size 4096K, 1 young (4096K), 1 survivors (4096K)
 Metaspace       used 9060K, committed 9280K, reserved 1064960K
  class space    used 988K, committed 1088K, reserved 1048576K
}
Event: 3098.008 GC heap before
{Heap before GC invocations=144 (full 0):
 garbage-first heap   total 532480K, used 333963K [0x0000000600000000, 0x0000000800000000)
  region size 4096K, 76 young (311296K), 1 survivors (4096K)
 Metaspace       used 9060K, committed 9280K, reserved 1064960K
  class space    used 988K, committed 1088K, reserved 1048576K
}
Event: 3098.008 GC heap after
{Heap after GC invocations=145 (full 0):
 garbage-first heap   total 532480K, used 26765K [0x0000000600000000, 0x0000000800000000)
  region size 4096K, 1 young (4096K), 1 survivors (4096K)
 Metaspace       used 9060K, committed 9280K, reserved 1064960K
  class space    used 988K, committed 1088K, reserved 1048576K
}
Event: 3098.907 GC heap before
{Heap before GC invocations=145 (full 0):
 garbage-first heap   total 532480K, used 329869K [0x0000000600000000, 0x0000000800000000)
  region size 4096K, 76 young (311296K), 1 survivors (4096K)
 Metaspace       used 9060K, committed 9280K, reserved 1064960K
  class space    used 988K, committed 1088K, reserved 1048576K
}
Event: 3098.907 GC heap after
{Heap after GC invocations=146 (full 0):
 garbage-first heap   total 532480K, used 26770K [0x0000000600000000, 0x0000000800000000)
  region size 4096K, 1 young (4096K), 1 survivors (4096K)
 Metaspace       used 9060K, committed 9280K, reserved 1064960K
  class space    used 988K, committed 1088K, reserved 1048576K
}
Event: 3099.813 GC heap before
{Heap before GC invocations=146 (full 0):
 garbage-first heap   total 532480K, used 329874K [0x0000000600000000, 0x0000000800000000)
  region size 4096K, 76 young (311296K), 1 survivors (4096K)
 Metaspace       used 9060K, committed 9280K, reserved 1064960K
  class space    used 988K, committed 1088K, reserved 1048576K
}
Event: 3099.813 GC heap after
{Heap after GC invocations=147 (full 0):
 garbage-first heap   total 532480K, used 26763K [0x0000000600000000, 0x0000000800000000)
  region size 4096K, 1 young (4096K), 1 survivors (4096K)
 Metaspace       used 9060K, committed 9280K, reserved 1064960K
  class space    used 988K, committed 1088K, reserved 1048576K
}
Event: 3100.708 GC heap before
{Heap before GC invocations=147 (full 0):
 garbage-first heap   total 532480K, used 333963K [0x0000000600000000, 0x0000000800000000)
  region size 4096K, 76 young (311296K), 1 survivors (4096K)
 Metaspace       used 9060K, committed 9280K, reserved 1064960K
  class space    used 988K, committed 1088K, reserved 1048576K
}
Event: 3100.708 GC heap after
{Heap after GC invocations=148 (full 0):
 garbage-first heap   total 532480K, used 26763K [0x0000000600000000, 0x0000000800000000)
  region size 4096K, 1 young (4096K), 1 survivors (4096K)
 Metaspace       used 9060K, committed 9280K, reserved 1064960K
  class space    used 988K, committed 1088K, reserved 1048576K
}
Event: 3101.605 GC heap before
{Heap before GC invocations=148 (full 0):
 garbage-first heap   total 532480K, used 329867K [0x0000000600000000, 0x0000000800000000)
  region size 4096K, 76 young (311296K), 1 survivors (4096K)
 Metaspace       used 9060K, committed 9280K, reserved 1064960K
  class space    used 988K, committed 1088K, reserved 1048576K
}
Event: 3101.606 GC heap after
{Heap after GC invocations=149 (full 0):
 garbage-first heap   total 532480K, used 26764K [0x0000000600000000, 0x0000000800000000)
  region size 4096K, 1 young (4096K), 1 survivors (4096K)
 Metaspace       used 9060K, committed 9280K, reserved 1064960K
  class space    used 988K, committed 1088K, reserved 1048576K
}
Event: 3102.511 GC heap before
{Heap before GC invocations=149 (full 0):
 garbage-first heap   total 532480K, used 329868K [0x0000000600000000, 0x0000000800000000)
  region size 4096K, 76 young (311296K), 1 survivors (4096K)
 Metaspace       used 9060K, committed 9280K, reserved 1064960K
  class space    used 988K, committed 1088K, reserved 1048576K
}
Event: 3102.511 GC heap after
{Heap after GC invocations=150 (full 0):
 garbage-first heap   total 532480K, used 26767K [0x0000000600000000, 0x0000000800000000)
  region size 4096K, 1 young (4096K), 1 survivors (4096K)
 Metaspace       used 9060K, committed 9280K, reserved 1064960K
  class space    used 988K, committed 1088K, reserved 1048576K
}

